[2024-05-27 20:10:32] [ INFO ] [BD:30] tabla creada con exito
[2024-05-27 20:10:44] [ INFO ] [PacienteDAOH2:29] inicando la operacion de guardado
[2024-05-27 20:10:44] [ WARN ] [PacienteDAOH2:51] La columna "APELLIDO" no permite valores nulos (NULL)
NULL not allowed for column "APELLIDO"; SQL statement:
INSERT INTO PACIENTES (NOMBRE, APELLIDO, CEDULA, FECHA_INGRESO, DOMICILIO_ID, EMAIL) VALUES(?,?,?,?,?,?) [23502-224]
[2024-05-27 20:13:50] [ INFO ] [BD:30] tabla creada con exito
[2024-05-27 20:29:51] [ INFO ] [PacienteDAOH2:58] iniciando la busqueda de un paciente por id: null
[2024-05-27 20:29:51] [ WARN ] [PacienteDAOH2:77] Cannot invoke "java.lang.Integer.intValue()" because "id" is null
[2024-05-27 20:30:09] [ INFO ] [PacienteDAOH2:58] iniciando la busqueda de un paciente por id: 1
[2024-05-27 20:30:09] [ INFO ] [PacienteDAOH2:84] iniciando la operacion de actualizar del paciente: Daniel
[2024-05-27 20:30:09] [ INFO ] [DomicilioDaoH2:67] Actualizando Domicilio: Domicilio{id=null, calle='Calle falsa', numero=1122334555, localidad='Ecuador', provincia='Pichincha'}
[2024-05-27 20:30:09] [ WARN ] [PacienteDAOH2:100] Cannot invoke "java.lang.Integer.intValue()" because the return value of "BackEndProyecto.ClinicaOdontologica.model.Domicilio.getId()" is null
[2024-05-27 20:34:06] [ INFO ] [BD:30] tabla creada con exito
[2024-05-27 20:34:11] [ INFO ] [PacienteDAOH2:112] iniciando la busqueda de todos los pacientes
[2024-05-27 20:36:04] [ INFO ] [BD:30] tabla creada con exito
[2024-05-27 20:37:34] [ INFO ] [BD:30] tabla creada con exito
[2024-05-27 20:37:42] [ INFO ] [PacienteDAOH2:112] iniciando la busqueda de todos los pacientes
[2024-05-27 20:37:53] [ INFO ] [PacienteDAOH2:112] iniciando la busqueda de todos los pacientes
[2024-05-27 20:38:26] [ INFO ] [BD:30] tabla creada con exito
[2024-05-27 20:41:05] [ INFO ] [BD:30] tabla creada con exito
[2024-05-27 20:41:16] [ INFO ] [BD:30] tabla creada con exito
[2024-05-27 20:44:07] [ INFO ] [BD:30] tabla creada con exito
[2024-05-27 20:45:23] [ INFO ] [BD:30] tabla creada con exito
[2024-05-27 20:45:28] [ INFO ] [PacienteDAOH2:58] iniciando la busqueda de un paciente por id: 1
[2024-05-27 20:50:43] [ INFO ] [BD:30] tabla creada con exito
[2024-05-27 20:51:03] [ INFO ] [BD:30] tabla creada con exito
[2024-05-27 20:51:27] [ INFO ] [PacienteDAOH2:58] iniciando la busqueda de un paciente por id: 1
[2024-05-27 20:51:27] [ INFO ] [PacienteDAOH2:107] iniciando la operación de eliminar al paciente con id: 1
[2024-05-27 20:51:38] [ INFO ] [PacienteDAOH2:121] iniciando la busqueda de todos los pacientes
[2024-05-27 20:53:18] [ INFO ] [PacienteDAOH2:121] iniciando la busqueda de todos los pacientes
[2024-05-27 21:02:28] [ INFO ] [PacienteDAOH2:29] inicando la operacion de guardado
[2024-05-27 21:02:28] [ WARN ] [PacienteDAOH2:51] La columna "APELLIDO" no permite valores nulos (NULL)
NULL not allowed for column "APELLIDO"; SQL statement:
INSERT INTO PACIENTES (NOMBRE, APELLIDO, CEDULA, FECHA_INGRESO, DOMICILIO_ID, EMAIL) VALUES(?,?,?,?,?,?) [23502-224]
[2024-05-27 21:02:29] [ INFO ] [PacienteDAOH2:29] inicando la operacion de guardado
[2024-05-27 21:02:29] [ WARN ] [PacienteDAOH2:51] La columna "APELLIDO" no permite valores nulos (NULL)
NULL not allowed for column "APELLIDO"; SQL statement:
INSERT INTO PACIENTES (NOMBRE, APELLIDO, CEDULA, FECHA_INGRESO, DOMICILIO_ID, EMAIL) VALUES(?,?,?,?,?,?) [23502-224]
[2024-05-27 21:02:29] [ INFO ] [PacienteDAOH2:29] inicando la operacion de guardado
[2024-05-27 21:02:29] [ WARN ] [PacienteDAOH2:51] La columna "APELLIDO" no permite valores nulos (NULL)
NULL not allowed for column "APELLIDO"; SQL statement:
INSERT INTO PACIENTES (NOMBRE, APELLIDO, CEDULA, FECHA_INGRESO, DOMICILIO_ID, EMAIL) VALUES(?,?,?,?,?,?) [23502-224]
[2024-05-27 21:02:30] [ INFO ] [PacienteDAOH2:29] inicando la operacion de guardado
[2024-05-27 21:02:30] [ WARN ] [PacienteDAOH2:51] La columna "APELLIDO" no permite valores nulos (NULL)
NULL not allowed for column "APELLIDO"; SQL statement:
INSERT INTO PACIENTES (NOMBRE, APELLIDO, CEDULA, FECHA_INGRESO, DOMICILIO_ID, EMAIL) VALUES(?,?,?,?,?,?) [23502-224]
[2024-05-27 21:02:49] [ INFO ] [PacienteDAOH2:121] iniciando la busqueda de todos los pacientes
[2024-05-27 21:03:40] [ INFO ] [BD:30] tabla creada con exito
[2024-05-27 21:05:14] [ INFO ] [BD:30] tabla creada con exito
[2024-05-27 21:06:06] [ INFO ] [BD:30] tabla creada con exito
[2024-05-27 22:48:25] [ INFO ] [BD:30] tabla creada con exito
[2024-05-27 22:49:02] [ INFO ] [BD:30] tabla creada con exito
[2024-05-27 22:49:18] [ INFO ] [PacienteDAOH2:121] iniciando la busqueda de todos los pacientes
[2024-05-27 22:49:29] [ INFO ] [PacienteDAOH2:58] iniciando la busqueda de un paciente por id: 1
[2024-05-27 22:50:56] [ INFO ] [PacienteDAOH2:58] iniciando la busqueda de un paciente por id: 1
[2024-05-27 22:50:56] [ INFO ] [PacienteDAOH2:107] iniciando la operación de eliminar al paciente con id: 1
[2024-05-27 22:51:09] [ INFO ] [PacienteDAOH2:121] iniciando la busqueda de todos los pacientes
[2024-05-29 20:12:48] [ WARN ] [BD:37] Error de Sintaxis en sentencia SQL "CREATE TABLE ODONTOLOGOS (ID INT AUTO_INCREMENT PRIMARY KEY, MATRICULA VARCHAR(100) NOT NULL, NOMBRE VARCHAR(100) NOT NULL, APELLIDO VARCHAR(100) NOT NULL[*]"; se esperaba "DEFAULT, GENERATED, ON UPDATE, DEFAULT ON NULL, SEQUENCE, SELECTIVITY, COMMENT, CONSTRAINT, COMMENT, PRIMARY KEY, UNIQUE, NOT NULL, CHECK, REFERENCES, ,, )"
Syntax error in SQL statement "CREATE TABLE ODONTOLOGOS (ID INT AUTO_INCREMENT PRIMARY KEY, MATRICULA VARCHAR(100) NOT NULL, NOMBRE VARCHAR(100) NOT NULL, APELLIDO VARCHAR(100) NOT NULL[*]"; expected "DEFAULT, GENERATED, ON UPDATE, DEFAULT ON NULL, SEQUENCE, SELECTIVITY, COMMENT, CONSTRAINT, COMMENT, PRIMARY KEY, UNIQUE, NOT NULL, CHECK, REFERENCES, ,, )"; SQL statement:
CREATE TABLE ODONTOLOGOS (ID INT AUTO_INCREMENT PRIMARY KEY, MATRICULA VARCHAR(100) NOT NULL, NOMBRE VARCHAR(100) NOT NULL, APELLIDO VARCHAR(100) NOT NULL [42001-224]
[2024-05-29 20:15:17] [ WARN ] [BD:37] Tabla "ODONGOLOGOS" no encontrada
Table "ODONGOLOGOS" not found; SQL statement:
INSERT INTO ODONGOLOGOS (MATRICULA, NOMBRE, APELLIDO) VALUES ('ABC10', 'CAROL', 'VELEZ'),('ABC20', 'ADRIANA', 'ROMERO') [42102-224]
[2024-05-29 20:16:04] [ INFO ] [BD:34] tabla creada con exito
[2024-05-29 20:21:36] [ INFO ] [PacienteDAOH2:121] iniciando la busqueda de todos los pacientes
[2024-05-29 20:22:12] [ INFO ] [PacienteDAOH2:29] inicando la operacion de guardado
[2024-05-29 20:22:12] [ INFO ] [PacienteDAOH2:47] paciente guardado con exito
[2024-05-29 20:22:20] [ INFO ] [PacienteDAOH2:121] iniciando la busqueda de todos los pacientes
[2024-05-29 20:26:09] [ INFO ] [BD:34] tabla creada con exito
[2024-05-29 20:28:47] [ INFO ] [BD:34] tabla creada con exito
[2024-05-29 20:28:52] [ INFO ] [OdontologoDaoH2:21] iniciando las operaciones de : Guardado de :Jose
[2024-05-29 20:29:47] [ INFO ] [OdontologoDaoH2:42] iniciando las operaciones de : busqueda De un Odontologo con id:  2
[2024-05-29 20:29:51] [ INFO ] [OdontologoDaoH2:42] iniciando las operaciones de : busqueda De un Odontologo con id:  1
[2024-05-29 20:29:59] [ INFO ] [OdontologoDaoH2:42] iniciando las operaciones de : busqueda De un Odontologo con id:  3
[2024-05-29 20:30:09] [ INFO ] [PacienteDAOH2:121] iniciando la busqueda de todos los pacientes
[2024-05-29 20:31:52] [ INFO ] [PacienteDAOH2:58] iniciando la busqueda de un paciente por id: 2
[2024-05-29 20:31:52] [ INFO ] [OdontologoDaoH2:42] iniciando las operaciones de : busqueda De un Odontologo con id:  3
[2024-05-29 20:31:52] [ INFO ] [PacienteDAOH2:58] iniciando la busqueda de un paciente por id: 2
[2024-05-29 20:31:52] [ INFO ] [OdontologoDaoH2:42] iniciando las operaciones de : busqueda De un Odontologo con id:  3
[2024-05-29 21:40:05] [ INFO ] [BD:34] tabla creada con exito
[2024-05-29 21:46:03] [ INFO ] [BD:34] tabla creada con exito
[2024-05-29 22:45:16] [ INFO ] [BD:34] tabla creada con exito
[2024-05-31 20:52:02] [ INFO ] [BD:34] tabla creada con exito
[2024-05-31 20:52:10] [ INFO ] [OdontologoDaoH2:96] iniciando las operaciones de : 
[2024-05-31 20:55:41] [ WARN ] [BD:37] La base de datos puede que ya esté siendo utilizada: "/home/daniel/C2ClinicaOdontologica.mv.db". Soluciones Posibles: cierre todas las otras conexiones; use el modo server
Database may be already in use: "/home/daniel/C2ClinicaOdontologica.mv.db". Possible solutions: close all other connection(s); use the server mode [90020-224]
[2024-05-31 20:56:36] [ WARN ] [BD:37] La base de datos puede que ya esté siendo utilizada: "/home/daniel/C2ClinicaOdontologica.mv.db". Soluciones Posibles: cierre todas las otras conexiones; use el modo server
Database may be already in use: "/home/daniel/C2ClinicaOdontologica.mv.db". Possible solutions: close all other connection(s); use the server mode [90020-224]
[2024-05-31 20:57:08] [ WARN ] [BD:37] La base de datos puede que ya esté siendo utilizada: "/home/daniel/C2ClinicaOdontologica.mv.db". Soluciones Posibles: cierre todas las otras conexiones; use el modo server
Database may be already in use: "/home/daniel/C2ClinicaOdontologica.mv.db". Possible solutions: close all other connection(s); use the server mode [90020-224]
[2024-05-31 20:59:14] [ INFO ] [BD:34] tabla creada con exito
[2024-05-31 20:59:27] [ INFO ] [BD:34] tabla creada con exito
[2024-05-31 20:59:45] [ INFO ] [BD:34] tabla creada con exito
[2024-05-31 20:59:53] [ INFO ] [OdontologoDaoH2:96] iniciando las operaciones de : 
[2024-05-31 21:00:45] [ INFO ] [BD:34] tabla creada con exito
[2024-05-31 21:03:00] [ INFO ] [BD:34] tabla creada con exito
[2024-05-31 21:03:45] [ INFO ] [BD:34] tabla creada con exito
[2024-05-31 21:05:48] [ INFO ] [BD:34] tabla creada con exito
[2024-05-31 21:07:30] [ INFO ] [BD:34] tabla creada con exito
[2024-05-31 21:07:51] [ INFO ] [BD:34] tabla creada con exito
[2024-05-31 21:07:59] [ INFO ] [OdontologoDaoH2:96] iniciando las operaciones de : 
[2024-05-31 21:08:02] [ INFO ] [OdontologoDaoH2:96] iniciando las operaciones de : 
[2024-05-31 21:08:22] [ INFO ] [OdontologoDaoH2:96] iniciando las operaciones de : 
[2024-05-31 21:20:57] [ INFO ] [BD:34] tabla creada con exito
[2024-05-31 21:21:15] [ INFO ] [OdontologoDaoH2:96] iniciando las operaciones de : 
[2024-05-31 21:21:17] [ INFO ] [OdontologoDaoH2:96] iniciando las operaciones de : 
[2024-05-31 21:21:18] [ INFO ] [OdontologoDaoH2:96] iniciando las operaciones de : 
[2024-05-31 21:21:21] [ INFO ] [OdontologoDaoH2:96] iniciando las operaciones de : 
[2024-05-31 21:21:21] [ INFO ] [OdontologoDaoH2:96] iniciando las operaciones de : 
[2024-05-31 21:21:22] [ INFO ] [OdontologoDaoH2:96] iniciando las operaciones de : 
[2024-05-31 21:24:35] [ INFO ] [BD:34] tabla creada con exito
[2024-05-31 21:24:37] [ INFO ] [OdontologoDaoH2:96] iniciando las operaciones de : 
[2024-05-31 21:24:39] [ INFO ] [OdontologoDaoH2:96] iniciando las operaciones de : 
[2024-05-31 21:24:40] [ INFO ] [OdontologoDaoH2:96] iniciando las operaciones de : 
[2024-05-31 21:24:41] [ INFO ] [OdontologoDaoH2:96] iniciando las operaciones de : 
[2024-05-31 21:25:55] [ INFO ] [OdontologoDaoH2:96] iniciando las operaciones de : 
[2024-05-31 21:25:56] [ INFO ] [OdontologoDaoH2:96] iniciando las operaciones de : 
[2024-05-31 21:25:57] [ INFO ] [OdontologoDaoH2:96] iniciando las operaciones de : 
[2024-05-31 21:26:21] [ INFO ] [BD:34] tabla creada con exito
[2024-05-31 21:26:26] [ INFO ] [OdontologoDaoH2:96] iniciando las operaciones de : 
[2024-05-31 21:26:31] [ INFO ] [OdontologoDaoH2:96] iniciando las operaciones de : 
[2024-05-31 21:26:32] [ INFO ] [OdontologoDaoH2:96] iniciando las operaciones de : 
[2024-05-31 21:27:22] [ INFO ] [OdontologoDaoH2:96] iniciando las operaciones de : 
[2024-05-31 21:27:24] [ INFO ] [OdontologoDaoH2:96] iniciando las operaciones de : 
[2024-05-31 21:28:20] [ INFO ] [BD:34] tabla creada con exito
[2024-05-31 21:28:27] [ INFO ] [OdontologoDaoH2:96] iniciando las operaciones de : 
[2024-05-31 21:28:28] [ INFO ] [OdontologoDaoH2:96] iniciando las operaciones de : 
[2024-05-31 21:29:07] [ INFO ] [BD:34] tabla creada con exito
[2024-05-31 21:29:14] [ INFO ] [OdontologoDaoH2:96] iniciando las operaciones de : 
[2024-05-31 21:29:15] [ INFO ] [OdontologoDaoH2:96] iniciando las operaciones de : 
[2024-05-31 21:29:16] [ INFO ] [OdontologoDaoH2:96] iniciando las operaciones de : 
[2024-05-31 21:29:19] [ INFO ] [OdontologoDaoH2:96] iniciando las operaciones de : 
[2024-05-31 21:29:21] [ INFO ] [OdontologoDaoH2:96] iniciando las operaciones de : 
[2024-05-31 21:29:22] [ INFO ] [OdontologoDaoH2:96] iniciando las operaciones de : 
[2024-05-31 21:29:57] [ INFO ] [BD:34] tabla creada con exito
[2024-05-31 21:30:04] [ INFO ] [OdontologoDaoH2:96] iniciando las operaciones de : 
[2024-05-31 21:30:05] [ INFO ] [OdontologoDaoH2:96] iniciando las operaciones de : 
[2024-05-31 21:30:06] [ INFO ] [OdontologoDaoH2:96] iniciando las operaciones de : 
[2024-05-31 21:30:22] [ INFO ] [OdontologoDaoH2:96] iniciando las operaciones de : 
[2024-05-31 21:30:23] [ INFO ] [OdontologoDaoH2:96] iniciando las operaciones de : 
[2024-05-31 21:30:24] [ INFO ] [OdontologoDaoH2:96] iniciando las operaciones de : 
[2024-05-31 21:30:25] [ INFO ] [OdontologoDaoH2:96] iniciando las operaciones de : 
[2024-05-31 21:30:58] [ INFO ] [BD:34] tabla creada con exito
[2024-05-31 21:31:04] [ INFO ] [OdontologoDaoH2:96] iniciando las operaciones de : 
[2024-05-31 21:31:05] [ INFO ] [OdontologoDaoH2:96] iniciando las operaciones de : 
[2024-05-31 21:31:07] [ INFO ] [OdontologoDaoH2:96] iniciando las operaciones de : 
[2024-05-31 21:31:35] [ INFO ] [BD:34] tabla creada con exito
[2024-05-31 21:31:48] [ INFO ] [OdontologoDaoH2:96] iniciando las operaciones de : 
[2024-05-31 21:31:57] [ INFO ] [OdontologoDaoH2:96] iniciando las operaciones de : 
[2024-05-31 21:32:28] [ INFO ] [BD:34] tabla creada con exito
[2024-05-31 21:32:44] [ INFO ] [OdontologoDaoH2:96] iniciando las operaciones de : 
[2024-05-31 21:33:38] [ INFO ] [BD:34] tabla creada con exito
[2024-05-31 21:33:41] [ INFO ] [OdontologoDaoH2:96] iniciando las operaciones de : 
[2024-05-31 21:33:48] [ INFO ] [OdontologoDaoH2:96] iniciando las operaciones de : 
[2024-05-31 21:34:33] [ INFO ] [OdontologoDaoH2:96] iniciando las operaciones de : 
[2024-05-31 21:35:15] [ INFO ] [BD:34] tabla creada con exito
[2024-05-31 21:36:33] [ INFO ] [BD:34] tabla creada con exito
[2024-05-31 21:36:41] [ INFO ] [OdontologoDaoH2:96] iniciando las operaciones de : 
[2024-05-31 21:36:46] [ INFO ] [OdontologoDaoH2:96] iniciando las operaciones de : 
[2024-05-31 21:39:35] [ INFO ] [OdontologoDaoH2:96] iniciando las operaciones de : 
[2024-05-31 21:48:26] [ INFO ] [BD:34] tabla creada con exito
[2024-05-31 21:48:34] [ INFO ] [OdontologoDaoH2:96] iniciando las operaciones de : 
[2024-05-31 21:48:41] [ INFO ] [OdontologoDaoH2:96] iniciando las operaciones de : 
[2024-05-31 21:49:05] [ INFO ] [OdontologoDaoH2:22] iniciando las operaciones de : Guardado de :Daniel
[2024-05-31 21:49:07] [ INFO ] [OdontologoDaoH2:96] iniciando las operaciones de : 
[2024-05-31 21:49:38] [ INFO ] [OdontologoDaoH2:22] iniciando las operaciones de : Guardado de :Danahe
[2024-05-31 21:49:40] [ INFO ] [OdontologoDaoH2:96] iniciando las operaciones de : 
[2024-05-31 21:57:31] [ INFO ] [BD:34] tabla creada con exito
[2024-05-31 21:59:27] [ INFO ] [BD:34] tabla creada con exito
[2024-05-31 22:00:59] [ INFO ] [BD:34] tabla creada con exito
[2024-05-31 22:01:43] [ INFO ] [BD:34] tabla creada con exito
[2024-05-31 22:02:09] [ INFO ] [BD:34] tabla creada con exito
[2024-05-31 22:06:12] [ INFO ] [OdontologoDaoH2:96] iniciando las operaciones de : 
[2024-05-31 22:08:26] [ INFO ] [BD:34] tabla creada con exito
[2024-05-31 22:08:36] [ INFO ] [OdontologoDaoH2:96] iniciando las operaciones de : 
[2024-05-31 22:08:41] [ INFO ] [OdontologoDaoH2:96] iniciando las operaciones de : 
[2024-05-31 22:08:50] [ INFO ] [OdontologoDaoH2:96] iniciando las operaciones de : 
[2024-05-31 22:10:16] [ INFO ] [OdontologoDaoH2:96] iniciando las operaciones de : 
[2024-05-31 22:15:59] [ INFO ] [BD:34] tabla creada con exito
[2024-05-31 22:16:03] [ INFO ] [OdontologoDaoH2:96] iniciando las operaciones de : 
[2024-05-31 22:16:04] [ INFO ] [OdontologoDaoH2:96] iniciando las operaciones de : 
[2024-05-31 22:16:10] [ INFO ] [OdontologoDaoH2:96] iniciando las operaciones de : 
[2024-05-31 22:18:39] [ INFO ] [BD:34] tabla creada con exito
[2024-05-31 22:18:51] [ INFO ] [OdontologoDaoH2:96] iniciando las operaciones de : 
[2024-05-31 22:18:56] [ INFO ] [OdontologoDaoH2:96] iniciando las operaciones de : 
[2024-05-31 22:18:59] [ INFO ] [OdontologoDaoH2:96] iniciando las operaciones de : 
[2024-05-31 22:19:02] [ INFO ] [OdontologoDaoH2:43] iniciando las operaciones de : busqueda De un Odontologo con id:  1
[2024-05-31 22:23:32] [ INFO ] [BD:34] tabla creada con exito
[2024-05-31 22:25:24] [ INFO ] [BD:34] tabla creada con exito
[2024-05-31 22:26:33] [ INFO ] [OdontologoDaoH2:96] iniciando las operaciones de : 
[2024-05-31 22:26:41] [ INFO ] [OdontologoDaoH2:43] iniciando las operaciones de : busqueda De un Odontologo con id:  1
[2024-05-31 22:26:41] [ INFO ] [OdontologoDaoH2:81] iniciando las operaciones de : 
[2024-05-31 22:27:47] [ INFO ] [OdontologoDaoH2:43] iniciando las operaciones de : busqueda De un Odontologo con id:  1
[2024-05-31 22:30:22] [ INFO ] [OdontologoDaoH2:96] iniciando las operaciones de : 
[2024-05-31 22:30:24] [ INFO ] [BD:34] tabla creada con exito
[2024-05-31 22:30:26] [ INFO ] [OdontologoDaoH2:96] iniciando las operaciones de : 
[2024-05-31 22:30:29] [ INFO ] [OdontologoDaoH2:43] iniciando las operaciones de : busqueda De un Odontologo con id:  1
[2024-05-31 22:30:29] [ INFO ] [OdontologoDaoH2:81] iniciando las operaciones de : 
[2024-05-31 22:31:28] [ INFO ] [OdontologoDaoH2:43] iniciando las operaciones de : busqueda De un Odontologo con id:  1
[2024-05-31 22:32:41] [ INFO ] [BD:34] tabla creada con exito
[2024-05-31 22:32:44] [ INFO ] [OdontologoDaoH2:43] iniciando las operaciones de : busqueda De un Odontologo con id:  1
[2024-05-31 22:32:44] [ INFO ] [OdontologoDaoH2:81] iniciando las operaciones de : 
[2024-05-31 22:32:46] [ INFO ] [OdontologoDaoH2:96] iniciando las operaciones de : 
[2024-05-31 22:32:57] [ INFO ] [OdontologoDaoH2:96] iniciando las operaciones de : 
[2024-05-31 22:32:58] [ INFO ] [OdontologoDaoH2:43] iniciando las operaciones de : busqueda De un Odontologo con id:  2
[2024-05-31 22:32:58] [ INFO ] [OdontologoDaoH2:81] iniciando las operaciones de : 
[2024-05-31 22:32:59] [ INFO ] [OdontologoDaoH2:96] iniciando las operaciones de : 
[2024-05-31 22:33:05] [ INFO ] [OdontologoDaoH2:96] iniciando las operaciones de : 
[2024-05-31 22:33:12] [ INFO ] [BD:34] tabla creada con exito
[2024-05-31 22:33:21] [ INFO ] [BD:34] tabla creada con exito
[2024-05-31 22:33:26] [ INFO ] [OdontologoDaoH2:96] iniciando las operaciones de : 
[2024-05-31 22:33:26] [ INFO ] [OdontologoDaoH2:96] iniciando las operaciones de : 
[2024-05-31 22:33:27] [ INFO ] [OdontologoDaoH2:96] iniciando las operaciones de : 
[2024-05-31 22:33:29] [ INFO ] [OdontologoDaoH2:43] iniciando las operaciones de : busqueda De un Odontologo con id:  2
[2024-05-31 22:33:29] [ INFO ] [OdontologoDaoH2:81] iniciando las operaciones de : 
[2024-05-31 22:33:32] [ INFO ] [OdontologoDaoH2:96] iniciando las operaciones de : 
[2024-05-31 22:33:36] [ INFO ] [OdontologoDaoH2:43] iniciando las operaciones de : busqueda De un Odontologo con id:  1
[2024-05-31 22:33:36] [ INFO ] [OdontologoDaoH2:81] iniciando las operaciones de : 
[2024-05-31 22:33:37] [ INFO ] [OdontologoDaoH2:96] iniciando las operaciones de : 
[2024-05-31 22:34:44] [ INFO ] [OdontologoDaoH2:96] iniciando las operaciones de : 
[2024-05-31 22:34:45] [ INFO ] [OdontologoDaoH2:96] iniciando las operaciones de : 
[2024-05-31 22:34:47] [ INFO ] [BD:34] tabla creada con exito
[2024-05-31 22:35:05] [ INFO ] [OdontologoDaoH2:96] iniciando las operaciones de : 
[2024-05-31 22:35:06] [ INFO ] [OdontologoDaoH2:43] iniciando las operaciones de : busqueda De un Odontologo con id:  1
[2024-05-31 22:35:06] [ INFO ] [OdontologoDaoH2:81] iniciando las operaciones de : 
[2024-05-31 22:35:40] [ INFO ] [OdontologoDaoH2:96] iniciando las operaciones de : 
[2024-05-31 22:35:53] [ INFO ] [OdontologoDaoH2:96] iniciando las operaciones de : 
[2024-05-31 22:36:44] [ INFO ] [BD:34] tabla creada con exito
[2024-05-31 22:37:01] [ INFO ] [OdontologoDaoH2:96] iniciando las operaciones de : 
[2024-05-31 22:40:13] [ INFO ] [BD:34] tabla creada con exito
[2024-05-31 22:40:27] [ INFO ] [OdontologoDaoH2:96] iniciando las operaciones de : 
[2024-05-31 22:40:32] [ INFO ] [OdontologoDaoH2:96] iniciando las operaciones de : 
[2024-05-31 22:40:36] [ INFO ] [BD:34] tabla creada con exito
[2024-05-31 22:40:40] [ INFO ] [OdontologoDaoH2:96] iniciando las operaciones de : 
[2024-05-31 22:40:46] [ INFO ] [OdontologoDaoH2:96] iniciando las operaciones de : 
[2024-05-31 22:42:15] [ INFO ] [BD:34] tabla creada con exito
[2024-05-31 22:42:32] [ INFO ] [OdontologoDaoH2:96] iniciando las operaciones de : 
[2024-05-31 22:43:21] [ INFO ] [BD:34] tabla creada con exito
[2024-05-31 22:43:25] [ INFO ] [OdontologoDaoH2:96] iniciando las operaciones de : 
[2024-05-31 22:43:33] [ INFO ] [OdontologoDaoH2:96] iniciando las operaciones de : 
[2024-05-31 22:44:50] [ INFO ] [BD:34] tabla creada con exito
[2024-05-31 22:44:59] [ INFO ] [OdontologoDaoH2:96] iniciando las operaciones de : 
[2024-05-31 22:46:11] [ INFO ] [BD:34] tabla creada con exito
[2024-05-31 22:48:19] [ INFO ] [BD:34] tabla creada con exito
[2024-05-31 22:48:45] [ INFO ] [OdontologoDaoH2:96] iniciando las operaciones de : 
[2024-05-31 22:56:55] [ INFO ] [BD:34] tabla creada con exito
[2024-05-31 22:57:59] [ INFO ] [BD:34] tabla creada con exito
[2024-05-31 22:58:05] [ INFO ] [BD:34] tabla creada con exito
[2024-05-31 22:58:14] [ INFO ] [OdontologoDaoH2:96] iniciando las operaciones de : 
[2024-05-31 22:58:15] [ INFO ] [OdontologoDaoH2:43] iniciando las operaciones de : busqueda De un Odontologo con id:  1
[2024-05-31 22:58:17] [ INFO ] [OdontologoDaoH2:43] iniciando las operaciones de : busqueda De un Odontologo con id:  1
[2024-05-31 22:58:17] [ INFO ] [OdontologoDaoH2:81] iniciando las operaciones de : 
[2024-05-31 22:58:58] [ INFO ] [BD:34] tabla creada con exito
[2024-05-31 22:59:04] [ INFO ] [OdontologoDaoH2:96] iniciando las operaciones de : 
[2024-05-31 22:59:12] [ INFO ] [OdontologoDaoH2:43] iniciando las operaciones de : busqueda De un Odontologo con id:  1
[2024-05-31 22:59:14] [ INFO ] [OdontologoDaoH2:43] iniciando las operaciones de : busqueda De un Odontologo con id:  1
[2024-05-31 22:59:14] [ INFO ] [OdontologoDaoH2:81] iniciando las operaciones de : 
[2024-05-31 22:59:16] [ INFO ] [OdontologoDaoH2:96] iniciando las operaciones de : 
[2024-05-31 22:59:35] [ INFO ] [BD:34] tabla creada con exito
[2024-05-31 22:59:40] [ INFO ] [OdontologoDaoH2:96] iniciando las operaciones de : 
[2024-05-31 23:22:57] [ INFO ] [OdontologoDaoH2:43] iniciando las operaciones de : busqueda De un Odontologo con id:  1
[2024-05-31 23:23:49] [ INFO ] [OdontologoDaoH2:96] iniciando las operaciones de : 
[2024-05-31 23:26:11] [ INFO ] [OdontologoDaoH2:96] iniciando las operaciones de : 
[2024-05-31 23:26:13] [ INFO ] [OdontologoDaoH2:43] iniciando las operaciones de : busqueda De un Odontologo con id:  1
[2024-05-31 23:32:19] [ INFO ] [OdontologoDaoH2:43] iniciando las operaciones de : busqueda De un Odontologo con id:  1
[2024-05-31 23:34:12] [ INFO ] [BD:34] tabla creada con exito
[2024-05-31 23:34:22] [ INFO ] [OdontologoDaoH2:96] iniciando las operaciones de : 
[2024-05-31 23:34:22] [ INFO ] [OdontologoDaoH2:96] iniciando las operaciones de : 
[2024-05-31 23:34:24] [ INFO ] [OdontologoDaoH2:43] iniciando las operaciones de : busqueda De un Odontologo con id:  1
[2024-05-31 23:35:19] [ INFO ] [OdontologoDaoH2:43] iniciando las operaciones de : busqueda De un Odontologo con id:  null
[2024-05-31 23:35:19] [ ERROR] [OdontologoDaoH2:56] Cannot invoke "java.lang.Integer.intValue()" because "id" is null
[2024-05-31 23:35:19] [ INFO ] [OdontologoDaoH2:96] iniciando las operaciones de : 
[2024-05-31 23:35:23] [ INFO ] [OdontologoDaoH2:96] iniciando las operaciones de : 
[2024-05-31 23:35:29] [ INFO ] [OdontologoDaoH2:43] iniciando las operaciones de : busqueda De un Odontologo con id:  1
[2024-05-31 23:35:33] [ INFO ] [OdontologoDaoH2:43] iniciando las operaciones de : busqueda De un Odontologo con id:  null
[2024-05-31 23:35:33] [ ERROR] [OdontologoDaoH2:56] Cannot invoke "java.lang.Integer.intValue()" because "id" is null
[2024-05-31 23:35:33] [ INFO ] [OdontologoDaoH2:96] iniciando las operaciones de : 
[2024-05-31 23:35:36] [ INFO ] [OdontologoDaoH2:96] iniciando las operaciones de : 
[2024-05-31 23:35:51] [ INFO ] [OdontologoDaoH2:43] iniciando las operaciones de : busqueda De un Odontologo con id:  1
[2024-05-31 23:35:52] [ INFO ] [OdontologoDaoH2:43] iniciando las operaciones de : busqueda De un Odontologo con id:  1
[2024-05-31 23:36:07] [ INFO ] [OdontologoDaoH2:43] iniciando las operaciones de : busqueda De un Odontologo con id:  null
[2024-05-31 23:36:07] [ ERROR] [OdontologoDaoH2:56] Cannot invoke "java.lang.Integer.intValue()" because "id" is null
[2024-05-31 23:36:07] [ INFO ] [OdontologoDaoH2:96] iniciando las operaciones de : 
[2024-05-31 23:36:10] [ INFO ] [OdontologoDaoH2:43] iniciando las operaciones de : busqueda De un Odontologo con id:  1
[2024-05-31 23:38:30] [ INFO ] [OdontologoDaoH2:43] iniciando las operaciones de : busqueda De un Odontologo con id:  1
[2024-05-31 23:38:35] [ INFO ] [OdontologoDaoH2:43] iniciando las operaciones de : busqueda De un Odontologo con id:  null
[2024-05-31 23:38:35] [ ERROR] [OdontologoDaoH2:56] Cannot invoke "java.lang.Integer.intValue()" because "id" is null
[2024-05-31 23:38:35] [ INFO ] [OdontologoDaoH2:96] iniciando las operaciones de : 
[2024-05-31 23:38:42] [ INFO ] [OdontologoDaoH2:43] iniciando las operaciones de : busqueda De un Odontologo con id:  1
[2024-05-31 23:38:42] [ INFO ] [OdontologoDaoH2:81] iniciando las operaciones de : 
[2024-05-31 23:38:46] [ INFO ] [OdontologoDaoH2:96] iniciando las operaciones de : 
[2024-05-31 23:38:48] [ INFO ] [OdontologoDaoH2:43] iniciando las operaciones de : busqueda De un Odontologo con id:  2
[2024-05-31 23:38:55] [ INFO ] [OdontologoDaoH2:43] iniciando las operaciones de : busqueda De un Odontologo con id:  null
[2024-05-31 23:38:55] [ ERROR] [OdontologoDaoH2:56] Cannot invoke "java.lang.Integer.intValue()" because "id" is null
[2024-05-31 23:38:55] [ INFO ] [OdontologoDaoH2:96] iniciando las operaciones de : 
[2024-05-31 23:39:13] [ INFO ] [BD:34] tabla creada con exito
[2024-05-31 23:40:14] [ INFO ] [BD:34] tabla creada con exito
[2024-05-31 23:40:19] [ INFO ] [OdontologoDaoH2:96] iniciando las operaciones de : 
[2024-05-31 23:40:20] [ INFO ] [OdontologoDaoH2:96] iniciando las operaciones de : 
[2024-05-31 23:40:22] [ INFO ] [OdontologoDaoH2:96] iniciando las operaciones de : 
[2024-05-31 23:40:27] [ INFO ] [OdontologoDaoH2:43] iniciando las operaciones de : busqueda De un Odontologo con id:  1
[2024-05-31 23:40:33] [ INFO ] [OdontologoDaoH2:43] iniciando las operaciones de : busqueda De un Odontologo con id:  null
[2024-05-31 23:40:33] [ ERROR] [OdontologoDaoH2:56] Cannot invoke "java.lang.Integer.intValue()" because "id" is null
[2024-05-31 23:40:33] [ INFO ] [OdontologoDaoH2:96] iniciando las operaciones de : 
[2024-05-31 23:40:40] [ INFO ] [OdontologoDaoH2:43] iniciando las operaciones de : busqueda De un Odontologo con id:  2
[2024-05-31 23:40:42] [ INFO ] [OdontologoDaoH2:43] iniciando las operaciones de : busqueda De un Odontologo con id:  null
[2024-05-31 23:40:42] [ ERROR] [OdontologoDaoH2:56] Cannot invoke "java.lang.Integer.intValue()" because "id" is null
[2024-05-31 23:40:42] [ INFO ] [OdontologoDaoH2:96] iniciando las operaciones de : 
[2024-05-31 23:41:01] [ INFO ] [OdontologoDaoH2:43] iniciando las operaciones de : busqueda De un Odontologo con id:  2
[2024-05-31 23:41:02] [ INFO ] [OdontologoDaoH2:43] iniciando las operaciones de : busqueda De un Odontologo con id:  2
[2024-05-31 23:41:50] [ INFO ] [BD:34] tabla creada con exito
[2024-05-31 23:42:02] [ INFO ] [BD:34] tabla creada con exito
[2024-05-31 23:42:07] [ INFO ] [OdontologoDaoH2:96] iniciando las operaciones de : 
[2024-05-31 23:42:09] [ INFO ] [OdontologoDaoH2:43] iniciando las operaciones de : busqueda De un Odontologo con id:  1
[2024-05-31 23:42:14] [ INFO ] [OdontologoDaoH2:43] iniciando las operaciones de : busqueda De un Odontologo con id:  null
[2024-05-31 23:42:14] [ ERROR] [OdontologoDaoH2:56] Cannot invoke "java.lang.Integer.intValue()" because "id" is null
[2024-05-31 23:42:14] [ INFO ] [OdontologoDaoH2:96] iniciando las operaciones de : 
[2024-05-31 23:43:42] [ INFO ] [OdontologoDaoH2:96] iniciando las operaciones de : 
[2024-05-31 23:43:43] [ INFO ] [OdontologoDaoH2:96] iniciando las operaciones de : 
[2024-05-31 23:43:47] [ INFO ] [OdontologoDaoH2:43] iniciando las operaciones de : busqueda De un Odontologo con id:  1
[2024-05-31 23:43:49] [ INFO ] [OdontologoDaoH2:43] iniciando las operaciones de : busqueda De un Odontologo con id:  null
[2024-05-31 23:43:49] [ ERROR] [OdontologoDaoH2:56] Cannot invoke "java.lang.Integer.intValue()" because "id" is null
[2024-05-31 23:43:49] [ INFO ] [OdontologoDaoH2:96] iniciando las operaciones de : 
[2024-05-31 23:44:53] [ INFO ] [BD:34] tabla creada con exito
[2024-05-31 23:44:57] [ INFO ] [OdontologoDaoH2:43] iniciando las operaciones de : busqueda De un Odontologo con id:  1
[2024-05-31 23:45:01] [ INFO ] [OdontologoDaoH2:43] iniciando las operaciones de : busqueda De un Odontologo con id:  null
[2024-05-31 23:45:01] [ ERROR] [OdontologoDaoH2:56] Cannot invoke "java.lang.Integer.intValue()" because "id" is null
[2024-05-31 23:45:01] [ INFO ] [OdontologoDaoH2:96] iniciando las operaciones de : 
[2024-05-31 23:45:29] [ INFO ] [OdontologoDaoH2:43] iniciando las operaciones de : busqueda De un Odontologo con id:  1
[2024-05-31 23:45:37] [ INFO ] [OdontologoDaoH2:43] iniciando las operaciones de : busqueda De un Odontologo con id:  null
[2024-05-31 23:45:37] [ ERROR] [OdontologoDaoH2:56] Cannot invoke "java.lang.Integer.intValue()" because "id" is null
[2024-05-31 23:45:37] [ INFO ] [OdontologoDaoH2:96] iniciando las operaciones de : 
[2024-05-31 23:47:32] [ INFO ] [BD:34] tabla creada con exito
[2024-05-31 23:47:38] [ INFO ] [OdontologoDaoH2:43] iniciando las operaciones de : busqueda De un Odontologo con id:  1
[2024-05-31 23:47:43] [ INFO ] [OdontologoDaoH2:43] iniciando las operaciones de : busqueda De un Odontologo con id:  null
[2024-05-31 23:47:43] [ ERROR] [OdontologoDaoH2:56] Cannot invoke "java.lang.Integer.intValue()" because "id" is null
[2024-05-31 23:47:43] [ INFO ] [OdontologoDaoH2:96] iniciando las operaciones de : 
[2024-05-31 23:47:50] [ INFO ] [OdontologoDaoH2:96] iniciando las operaciones de : 
[2024-05-31 23:47:53] [ INFO ] [OdontologoDaoH2:43] iniciando las operaciones de : busqueda De un Odontologo con id:  1
[2024-05-31 23:48:02] [ INFO ] [OdontologoDaoH2:43] iniciando las operaciones de : busqueda De un Odontologo con id:  2
[2024-05-31 23:48:27] [ INFO ] [BD:34] tabla creada con exito
[2024-05-31 23:48:31] [ INFO ] [OdontologoDaoH2:96] iniciando las operaciones de : 
[2024-05-31 23:48:34] [ INFO ] [OdontologoDaoH2:43] iniciando las operaciones de : busqueda De un Odontologo con id:  1
[2024-05-31 23:48:38] [ INFO ] [OdontologoDaoH2:43] iniciando las operaciones de : busqueda De un Odontologo con id:  null
[2024-05-31 23:48:38] [ ERROR] [OdontologoDaoH2:56] Cannot invoke "java.lang.Integer.intValue()" because "id" is null
[2024-05-31 23:48:38] [ INFO ] [OdontologoDaoH2:96] iniciando las operaciones de : 
[2024-05-31 23:50:24] [ INFO ] [BD:34] tabla creada con exito
[2024-05-31 23:50:31] [ INFO ] [OdontologoDaoH2:43] iniciando las operaciones de : busqueda De un Odontologo con id:  1
[2024-05-31 23:50:37] [ INFO ] [OdontologoDaoH2:43] iniciando las operaciones de : busqueda De un Odontologo con id:  null
[2024-05-31 23:50:37] [ ERROR] [OdontologoDaoH2:56] Cannot invoke "java.lang.Integer.intValue()" because "id" is null
[2024-05-31 23:50:37] [ INFO ] [OdontologoDaoH2:96] iniciando las operaciones de : 
[2024-05-31 23:52:23] [ INFO ] [BD:34] tabla creada con exito
[2024-05-31 23:52:26] [ INFO ] [OdontologoDaoH2:43] iniciando las operaciones de : busqueda De un Odontologo con id:  1
[2024-05-31 23:52:32] [ INFO ] [OdontologoDaoH2:43] iniciando las operaciones de : busqueda De un Odontologo con id:  null
[2024-05-31 23:52:32] [ ERROR] [OdontologoDaoH2:56] Cannot invoke "java.lang.Integer.intValue()" because "id" is null
[2024-05-31 23:52:32] [ INFO ] [OdontologoDaoH2:96] iniciando las operaciones de : 
[2024-05-31 23:55:05] [ INFO ] [OdontologoDaoH2:96] iniciando las operaciones de : 
[2024-05-31 23:55:07] [ INFO ] [OdontologoDaoH2:43] iniciando las operaciones de : busqueda De un Odontologo con id:  null
[2024-05-31 23:55:07] [ ERROR] [OdontologoDaoH2:56] Cannot invoke "java.lang.Integer.intValue()" because "id" is null
[2024-05-31 23:55:46] [ INFO ] [OdontologoDaoH2:96] iniciando las operaciones de : 
[2024-05-31 23:55:48] [ INFO ] [OdontologoDaoH2:96] iniciando las operaciones de : 
[2024-05-31 23:55:51] [ INFO ] [OdontologoDaoH2:43] iniciando las operaciones de : busqueda De un Odontologo con id:  null
[2024-05-31 23:55:51] [ ERROR] [OdontologoDaoH2:56] Cannot invoke "java.lang.Integer.intValue()" because "id" is null
[2024-06-01 16:04:28] [ INFO ] [BD:34] tabla creada con exito
[2024-06-01 16:04:33] [ INFO ] [PacienteDAOH2:121] iniciando la busqueda de todos los pacientes
[2024-06-01 16:05:04] [ INFO ] [PacienteDAOH2:58] iniciando la busqueda de un paciente por id: 2
[2024-06-01 16:05:04] [ INFO ] [PacienteDAOH2:84] iniciando la operacion de actualizar del paciente: Claudiiia
[2024-06-01 16:05:04] [ INFO ] [DomicilioDaoH2:67] Actualizando Domicilio: Domicilio{id=2, calle='Siempre viva', numero=742, localidad='Springfield', provincia='USA'}
[2024-06-01 16:05:08] [ INFO ] [PacienteDAOH2:121] iniciando la busqueda de todos los pacientes
[2024-06-01 16:07:10] [ INFO ] [OdontologoDaoH2:96] iniciando las operaciones de : 
[2024-06-01 16:07:24] [ INFO ] [OdontologoDaoH2:43] iniciando las operaciones de : busqueda De un Odontologo con id:  null
[2024-06-01 16:07:24] [ ERROR] [OdontologoDaoH2:56] Cannot invoke "java.lang.Integer.intValue()" because "id" is null
[2024-06-01 16:07:37] [ INFO ] [BD:34] tabla creada con exito
[2024-06-01 16:07:41] [ INFO ] [OdontologoDaoH2:43] iniciando las operaciones de : busqueda De un Odontologo con id:  1
[2024-06-01 16:07:41] [ INFO ] [OdontologoDaoH2:63] iniciando las operaciones de : 
[2024-06-01 16:07:48] [ INFO ] [OdontologoDaoH2:96] iniciando las operaciones de : 
[2024-06-01 16:07:57] [ INFO ] [OdontologoDaoH2:96] iniciando las operaciones de : 
[2024-06-01 16:08:03] [ INFO ] [OdontologoDaoH2:43] iniciando las operaciones de : busqueda De un Odontologo con id:  1
[2024-06-01 16:08:03] [ INFO ] [OdontologoDaoH2:63] iniciando las operaciones de : 
[2024-06-01 16:08:08] [ INFO ] [OdontologoDaoH2:96] iniciando las operaciones de : 
[2024-06-01 16:12:13] [ INFO ] [OdontologoDaoH2:96] iniciando las operaciones de : 
[2024-06-01 16:12:15] [ INFO ] [OdontologoDaoH2:43] iniciando las operaciones de : busqueda De un Odontologo con id:  1
[2024-06-01 16:12:39] [ INFO ] [OdontologoDaoH2:96] iniciando las operaciones de : 
[2024-06-01 16:13:31] [ INFO ] [OdontologoDaoH2:43] iniciando las operaciones de : busqueda De un Odontologo con id:  1
[2024-06-01 16:13:33] [ INFO ] [OdontologoDaoH2:43] iniciando las operaciones de : busqueda De un Odontologo con id:  1
[2024-06-01 16:13:33] [ INFO ] [OdontologoDaoH2:63] iniciando las operaciones de : 
[2024-06-01 16:13:33] [ INFO ] [OdontologoDaoH2:96] iniciando las operaciones de : 
[2024-06-01 16:13:48] [ INFO ] [OdontologoDaoH2:43] iniciando las operaciones de : busqueda De un Odontologo con id:  1
[2024-06-01 16:13:51] [ INFO ] [OdontologoDaoH2:43] iniciando las operaciones de : busqueda De un Odontologo con id:  1
[2024-06-01 16:13:51] [ INFO ] [OdontologoDaoH2:63] iniciando las operaciones de : 
[2024-06-01 16:13:51] [ INFO ] [OdontologoDaoH2:96] iniciando las operaciones de : 
[2024-06-01 16:13:55] [ INFO ] [OdontologoDaoH2:43] iniciando las operaciones de : busqueda De un Odontologo con id:  1
[2024-06-01 16:13:55] [ INFO ] [OdontologoDaoH2:81] iniciando las operaciones de : 
[2024-06-01 16:13:58] [ INFO ] [OdontologoDaoH2:96] iniciando las operaciones de : 
[2024-06-01 16:13:59] [ INFO ] [OdontologoDaoH2:96] iniciando las operaciones de : 
[2024-06-01 16:13:59] [ INFO ] [OdontologoDaoH2:96] iniciando las operaciones de : 
[2024-06-01 16:14:00] [ INFO ] [OdontologoDaoH2:96] iniciando las operaciones de : 
[2024-06-01 16:14:00] [ INFO ] [OdontologoDaoH2:96] iniciando las operaciones de : 
[2024-06-01 16:14:00] [ INFO ] [OdontologoDaoH2:96] iniciando las operaciones de : 
[2024-06-01 16:14:00] [ INFO ] [OdontologoDaoH2:96] iniciando las operaciones de : 
[2024-06-01 16:14:00] [ INFO ] [OdontologoDaoH2:96] iniciando las operaciones de : 
[2024-06-01 16:14:01] [ INFO ] [OdontologoDaoH2:96] iniciando las operaciones de : 
[2024-06-01 16:14:13] [ INFO ] [OdontologoDaoH2:96] iniciando las operaciones de : 
[2024-06-01 16:14:24] [ INFO ] [OdontologoDaoH2:22] iniciando las operaciones de : Guardado de :CAROL
[2024-06-01 16:14:29] [ INFO ] [OdontologoDaoH2:96] iniciando las operaciones de : 
[2024-06-01 16:15:48] [ INFO ] [OdontologoDaoH2:43] iniciando las operaciones de : busqueda De un Odontologo con id:  1
[2024-06-01 16:15:53] [ INFO ] [OdontologoDaoH2:43] iniciando las operaciones de : busqueda De un Odontologo con id:  2
[2024-06-01 16:15:53] [ INFO ] [OdontologoDaoH2:63] iniciando las operaciones de : 
[2024-06-01 16:16:01] [ INFO ] [OdontologoDaoH2:96] iniciando las operaciones de : 
[2024-06-01 16:18:32] [ INFO ] [BD:34] tabla creada con exito
[2024-06-01 16:19:39] [ INFO ] [OdontologoDaoH2:96] iniciando las operaciones de : 
[2024-06-01 16:19:50] [ INFO ] [OdontologoDaoH2:43] iniciando las operaciones de : busqueda De un Odontologo con id:  2
[2024-06-01 16:19:50] [ INFO ] [OdontologoDaoH2:63] iniciando las operaciones de actualizar odontologo con el id: 2
[2024-06-01 16:19:58] [ INFO ] [OdontologoDaoH2:96] iniciando las operaciones de : 
[2024-06-01 16:22:26] [ INFO ] [BD:34] tabla creada con exito
[2024-06-01 16:25:39] [ INFO ] [OdontologoDaoH2:96] iniciando las operaciones de buscar todos los odontólgos 
[2024-06-01 16:26:01] [ INFO ] [OdontologoDaoH2:43] iniciando las operaciones de busqueda De un Odontologo con id:  2
[2024-06-01 16:26:01] [ INFO ] [OdontologoDaoH2:63] iniciando las operaciones de actualizar odontologo con el id: 2
[2024-06-01 16:26:41] [ INFO ] [BD:34] tabla creada con exito
[2024-06-01 16:26:51] [ INFO ] [OdontologoDaoH2:43] iniciando las operaciones de busqueda De un Odontologo con id:  2
[2024-06-01 16:26:51] [ INFO ] [OdontologoDaoH2:63] iniciando las operaciones de actualizar odontologo con el id: 2
[2024-06-01 16:26:51] [ INFO ] [OdontologoDaoH2:73] Actualizado correctamente
[2024-06-01 16:27:06] [ INFO ] [OdontologoDaoH2:97] iniciando las operaciones de buscar todos los odontólgos 
[2024-06-01 16:27:24] [ INFO ] [BD:34] tabla creada con exito
[2024-06-01 16:27:36] [ INFO ] [OdontologoDaoH2:43] iniciando las operaciones de busqueda De un Odontologo con id:  2
[2024-06-01 16:27:36] [ INFO ] [OdontologoDaoH2:63] iniciando las operaciones de actualizar odontologo con el id: 2
[2024-06-01 16:27:36] [ INFO ] [OdontologoDaoH2:73] Actualizado correctamente
[2024-06-01 16:27:39] [ INFO ] [OdontologoDaoH2:97] iniciando las operaciones de buscar todos los odontólgos 
[2024-06-01 16:42:33] [ INFO ] [BD:34] tabla creada con exito
[2024-06-01 16:42:39] [ INFO ] [OdontologoDaoH2:97] iniciando las operaciones de buscar todos los odontólgos 
[2024-06-01 16:42:42] [ INFO ] [OdontologoDaoH2:43] iniciando las operaciones de busqueda De un Odontologo con id:  1
[2024-06-01 16:42:44] [ INFO ] [OdontologoDaoH2:43] iniciando las operaciones de busqueda De un Odontologo con id:  1
[2024-06-01 16:42:44] [ INFO ] [OdontologoDaoH2:63] iniciando las operaciones de actualizar odontologo con el id: 1
[2024-06-01 16:42:44] [ INFO ] [OdontologoDaoH2:73] Actualizado correctamente
[2024-06-01 16:42:44] [ INFO ] [OdontologoDaoH2:97] iniciando las operaciones de buscar todos los odontólgos 
[2024-06-01 16:42:58] [ INFO ] [OdontologoDaoH2:97] iniciando las operaciones de buscar todos los odontólgos 
[2024-06-01 16:44:56] [ INFO ] [BD:34] tabla creada con exito
[2024-06-01 16:45:05] [ INFO ] [OdontologoDaoH2:97] iniciando las operaciones de buscar todos los odontólgos 
[2024-06-01 16:45:06] [ INFO ] [OdontologoDaoH2:43] iniciando las operaciones de busqueda De un Odontologo con id:  1
[2024-06-01 16:45:08] [ INFO ] [OdontologoDaoH2:43] iniciando las operaciones de busqueda De un Odontologo con id:  1
[2024-06-01 16:45:08] [ INFO ] [OdontologoDaoH2:63] iniciando las operaciones de actualizar odontologo con el id: 1
[2024-06-01 16:45:08] [ INFO ] [OdontologoDaoH2:73] Actualizado correctamente
[2024-06-01 16:45:08] [ INFO ] [OdontologoDaoH2:97] iniciando las operaciones de buscar todos los odontólgos 
[2024-06-01 16:45:13] [ INFO ] [OdontologoDaoH2:97] iniciando las operaciones de buscar todos los odontólgos 
[2024-06-01 16:45:25] [ INFO ] [OdontologoDaoH2:43] iniciando las operaciones de busqueda De un Odontologo con id:  2
[2024-06-01 16:45:25] [ INFO ] [OdontologoDaoH2:63] iniciando las operaciones de actualizar odontologo con el id: 2
[2024-06-01 16:45:25] [ INFO ] [OdontologoDaoH2:73] Actualizado correctamente
[2024-06-01 16:45:29] [ INFO ] [OdontologoDaoH2:97] iniciando las operaciones de buscar todos los odontólgos 
[2024-06-01 16:45:51] [ INFO ] [OdontologoDaoH2:43] iniciando las operaciones de busqueda De un Odontologo con id:  2
[2024-06-01 16:45:51] [ INFO ] [OdontologoDaoH2:63] iniciando las operaciones de actualizar odontologo con el id: 2
[2024-06-01 16:45:51] [ INFO ] [OdontologoDaoH2:73] Actualizado correctamente
[2024-06-01 16:45:54] [ INFO ] [OdontologoDaoH2:97] iniciando las operaciones de buscar todos los odontólgos 
[2024-06-01 17:48:35] [ INFO ] [PacienteDAOH2:121] iniciando la busqueda de todos los pacientes
[2024-06-01 17:49:00] [ INFO ] [PacienteDAOH2:58] iniciando la busqueda de un paciente por id: 1
[2024-06-01 17:49:00] [ INFO ] [PacienteDAOH2:84] iniciando la operacion de actualizar del paciente: Jorgito
[2024-06-01 17:49:00] [ INFO ] [DomicilioDaoH2:67] Actualizando Domicilio: Domicilio{id=1, calle='Siempre viva', numero=742, localidad='Springfield', provincia='USA'}
[2024-06-01 17:49:03] [ INFO ] [PacienteDAOH2:121] iniciando la busqueda de todos los pacientes
[2024-06-01 17:55:15] [ INFO ] [BD:34] tabla creada con exito
[2024-06-01 17:55:21] [ INFO ] [OdontologoDaoH2:43] iniciando las operaciones de busqueda De un Odontologo con id:  1
[2024-06-01 17:55:24] [ INFO ] [OdontologoDaoH2:43] iniciando las operaciones de busqueda De un Odontologo con id:  1
[2024-06-01 17:55:24] [ INFO ] [OdontologoDaoH2:63] iniciando las operaciones de actualizar odontologo con el id: 1
[2024-06-01 17:55:24] [ INFO ] [OdontologoDaoH2:73] Actualizado correctamente
[2024-06-01 17:55:24] [ INFO ] [OdontologoDaoH2:97] iniciando las operaciones de buscar todos los odontólgos 
[2024-06-01 17:55:47] [ INFO ] [OdontologoDaoH2:97] iniciando las operaciones de buscar todos los odontólgos 
[2024-06-01 17:56:12] [ INFO ] [OdontologoDaoH2:97] iniciando las operaciones de buscar todos los odontólgos 
[2024-06-01 17:58:53] [ INFO ] [BD:34] tabla creada con exito
[2024-06-01 17:58:57] [ INFO ] [OdontologoDaoH2:97] iniciando las operaciones de buscar todos los odontólgos 
[2024-06-01 17:59:22] [ INFO ] [BD:34] tabla creada con exito
[2024-06-01 17:59:35] [ INFO ] [OdontologoDaoH2:97] iniciando las operaciones de buscar todos los odontólgos 
[2024-06-01 18:00:32] [ INFO ] [BD:34] tabla creada con exito
[2024-06-01 18:03:27] [ INFO ] [BD:34] tabla creada con exito
[2024-06-01 18:03:51] [ INFO ] [BD:34] tabla creada con exito
[2024-06-01 18:04:10] [ INFO ] [BD:34] tabla creada con exito
[2024-06-01 18:04:46] [ INFO ] [BD:34] tabla creada con exito
[2024-06-01 18:05:58] [ INFO ] [BD:34] tabla creada con exito
[2024-06-01 18:06:11] [ INFO ] [OdontologoDaoH2:97] iniciando las operaciones de buscar todos los odontólgos 
[2024-06-01 18:06:33] [ INFO ] [BD:34] tabla creada con exito
[2024-06-01 18:06:43] [ INFO ] [OdontologoDaoH2:97] iniciando las operaciones de buscar todos los odontólgos 
[2024-06-01 18:06:55] [ INFO ] [BD:34] tabla creada con exito
[2024-06-01 18:06:56] [ INFO ] [OdontologoDaoH2:97] iniciando las operaciones de buscar todos los odontólgos 
[2024-06-01 18:07:29] [ INFO ] [BD:34] tabla creada con exito
[2024-06-01 18:07:32] [ INFO ] [OdontologoDaoH2:97] iniciando las operaciones de buscar todos los odontólgos 
[2024-06-01 18:07:42] [ INFO ] [OdontologoDaoH2:97] iniciando las operaciones de buscar todos los odontólgos 
[2024-06-01 18:07:58] [ INFO ] [BD:34] tabla creada con exito
[2024-06-01 18:08:03] [ INFO ] [OdontologoDaoH2:97] iniciando las operaciones de buscar todos los odontólgos 
[2024-06-01 18:10:37] [ INFO ] [BD:34] tabla creada con exito
[2024-06-01 18:10:41] [ INFO ] [OdontologoDaoH2:97] iniciando las operaciones de buscar todos los odontólgos 
[2024-06-01 18:13:52] [ INFO ] [BD:34] tabla creada con exito
[2024-06-01 18:13:54] [ INFO ] [OdontologoDaoH2:97] iniciando las operaciones de buscar todos los odontólgos 
[2024-06-01 18:14:01] [ INFO ] [BD:34] tabla creada con exito
[2024-06-01 18:18:58] [ INFO ] [BD:34] tabla creada con exito
[2024-06-01 18:19:06] [ INFO ] [OdontologoDaoH2:97] iniciando las operaciones de buscar todos los odontólgos 
[2024-06-01 18:24:25] [ INFO ] [BD:34] tabla creada con exito
[2024-06-01 18:24:37] [ INFO ] [OdontologoDaoH2:97] iniciando las operaciones de buscar todos los odontólgos 
[2024-06-01 18:24:51] [ INFO ] [OdontologoDaoH2:97] iniciando las operaciones de buscar todos los odontólgos 
[2024-06-01 18:25:41] [ INFO ] [BD:34] tabla creada con exito
[2024-06-01 18:25:46] [ INFO ] [OdontologoDaoH2:97] iniciando las operaciones de buscar todos los odontólgos 
[2024-06-01 18:26:21] [ INFO ] [OdontologoDaoH2:97] iniciando las operaciones de buscar todos los odontólgos 
[2024-06-01 18:27:42] [ INFO ] [BD:34] tabla creada con exito
[2024-06-01 18:27:46] [ INFO ] [OdontologoDaoH2:97] iniciando las operaciones de buscar todos los odontólgos 
[2024-06-01 18:28:11] [ INFO ] [OdontologoDaoH2:97] iniciando las operaciones de buscar todos los odontólgos 
[2024-06-01 18:28:21] [ INFO ] [OdontologoDaoH2:97] iniciando las operaciones de buscar todos los odontólgos 
[2024-06-01 18:28:46] [ INFO ] [OdontologoDaoH2:97] iniciando las operaciones de buscar todos los odontólgos 
[2024-06-01 18:28:57] [ INFO ] [OdontologoDaoH2:97] iniciando las operaciones de buscar todos los odontólgos 
[2024-06-01 18:30:10] [ INFO ] [OdontologoDaoH2:97] iniciando las operaciones de buscar todos los odontólgos 
[2024-06-01 18:30:14] [ INFO ] [OdontologoDaoH2:97] iniciando las operaciones de buscar todos los odontólgos 
[2024-06-01 18:32:57] [ INFO ] [BD:34] tabla creada con exito
[2024-06-01 18:32:59] [ INFO ] [OdontologoDaoH2:97] iniciando las operaciones de buscar todos los odontólgos 
[2024-06-01 18:35:36] [ INFO ] [BD:34] tabla creada con exito
[2024-06-01 18:35:41] [ INFO ] [OdontologoDaoH2:97] iniciando las operaciones de buscar todos los odontólgos 
[2024-06-01 18:36:15] [ INFO ] [BD:34] tabla creada con exito
[2024-06-01 18:36:18] [ INFO ] [OdontologoDaoH2:97] iniciando las operaciones de buscar todos los odontólgos 
[2024-06-01 18:55:33] [ INFO ] [BD:34] tabla creada con exito
[2024-06-01 18:56:36] [ INFO ] [BD:34] tabla creada con exito
[2024-06-01 18:57:14] [ INFO ] [BD:34] tabla creada con exito
[2024-06-01 18:59:46] [ INFO ] [BD:34] tabla creada con exito
[2024-06-01 19:00:12] [ INFO ] [OdontologoDaoH2:97] iniciando las operaciones de buscar todos los odontólgos 
[2024-06-01 19:00:32] [ INFO ] [OdontologoDaoH2:97] iniciando las operaciones de buscar todos los odontólgos 
[2024-06-01 19:01:34] [ INFO ] [BD:34] tabla creada con exito
[2024-06-01 19:01:36] [ INFO ] [OdontologoDaoH2:97] iniciando las operaciones de buscar todos los odontólgos 
[2024-06-01 19:01:45] [ INFO ] [OdontologoDaoH2:97] iniciando las operaciones de buscar todos los odontólgos 
[2024-06-01 19:01:54] [ INFO ] [OdontologoDaoH2:22] iniciando las operaciones de Guardado de ondontologo: Daniel
[2024-06-01 19:01:58] [ INFO ] [OdontologoDaoH2:97] iniciando las operaciones de buscar todos los odontólgos 
[2024-06-01 19:02:01] [ INFO ] [OdontologoDaoH2:43] iniciando las operaciones de busqueda De un Odontologo con id:  3
[2024-06-01 19:02:01] [ INFO ] [OdontologoDaoH2:82] iniciando las operaciones de eliminar odontologo con id: 3
[2024-06-01 19:02:03] [ INFO ] [OdontologoDaoH2:97] iniciando las operaciones de buscar todos los odontólgos 
[2024-06-01 19:02:04] [ INFO ] [OdontologoDaoH2:43] iniciando las operaciones de busqueda De un Odontologo con id:  2
[2024-06-01 20:16:11] [ INFO ] [OdontologoDaoH2:97] iniciando las operaciones de buscar todos los odontólgos 
[2024-06-01 20:16:14] [ INFO ] [OdontologoDaoH2:97] iniciando las operaciones de buscar todos los odontólgos 
[2024-06-01 20:16:15] [ INFO ] [OdontologoDaoH2:97] iniciando las operaciones de buscar todos los odontólgos 
[2024-06-01 20:16:19] [ INFO ] [OdontologoDaoH2:97] iniciando las operaciones de buscar todos los odontólgos 
[2024-06-01 20:19:02] [ INFO ] [BD:34] tabla creada con exito
[2024-06-01 20:19:16] [ INFO ] [OdontologoDaoH2:97] iniciando las operaciones de buscar todos los odontólgos 
[2024-06-01 20:19:18] [ INFO ] [OdontologoDaoH2:43] iniciando las operaciones de busqueda De un Odontologo con id:  1
[2024-06-01 20:19:21] [ INFO ] [OdontologoDaoH2:43] iniciando las operaciones de busqueda De un Odontologo con id:  1
[2024-06-01 20:19:21] [ INFO ] [OdontologoDaoH2:63] iniciando las operaciones de actualizar odontologo con el id: 1
[2024-06-01 20:19:21] [ INFO ] [OdontologoDaoH2:73] Actualizado correctamente
[2024-06-01 20:19:21] [ INFO ] [OdontologoDaoH2:97] iniciando las operaciones de buscar todos los odontólgos 
[2024-06-01 20:19:26] [ INFO ] [OdontologoDaoH2:43] iniciando las operaciones de busqueda De un Odontologo con id:  1
[2024-06-01 20:19:26] [ INFO ] [OdontologoDaoH2:82] iniciando las operaciones de eliminar odontologo con id: 1
[2024-06-01 20:19:28] [ INFO ] [OdontologoDaoH2:97] iniciando las operaciones de buscar todos los odontólgos 
[2024-06-01 20:19:31] [ INFO ] [OdontologoDaoH2:43] iniciando las operaciones de busqueda De un Odontologo con id:  2
[2024-06-01 20:19:35] [ INFO ] [OdontologoDaoH2:97] iniciando las operaciones de buscar todos los odontólgos 
[2024-06-01 20:19:43] [ INFO ] [OdontologoDaoH2:97] iniciando las operaciones de buscar todos los odontólgos 
